2014-10-16 15:27:55+0800 [scrapy] INFO: Scrapy 0.24.4 started (bot: scrapydemo)
2014-10-16 15:27:55+0800 [scrapy] INFO: Optional features available: ssl, http11
2014-10-16 15:27:55+0800 [scrapy] INFO: Overridden settings: {'NEWSPIDER_MODULE': 'scrapydemo.spiders', 'LOG_LEVEL': 'INFO', 'SPIDER_MODULES': ['scrapydemo.spiders'], 'BOT_NAME': 'scrapydemo', 'DOWNLOAD_TIMEOUT': 20, 'LOG_STDOUT': True, 'COMMANDS_MODULE': 'scrapydemo.commands', 'LOG_FILE': 'log/spider.log', 'DOWNLOAD_DELAY': 5}
2014-10-16 15:27:55+0800 [scrapy] INFO: Enabled extensions: LogStats, TelnetConsole, CloseSpider, WebService, CoreStats, SpiderState
2014-10-16 15:27:55+0800 [scrapy] INFO: Enabled downloader middlewares: HttpAuthMiddleware, DownloadTimeoutMiddleware, RotateUserAgentMiddleware, RetryMiddleware, DefaultHeadersMiddleware, MetaRefreshMiddleware, HttpCompressionMiddleware, RedirectMiddleware, CookiesMiddleware, ChunkedTransferMiddleware, DownloaderStats
2014-10-16 15:27:55+0800 [scrapy] INFO: Enabled spider middlewares: HttpErrorMiddleware, OffsiteMiddleware, RefererMiddleware, UrlLengthMiddleware, DepthMiddleware
2014-10-16 15:27:56+0800 [-] ERROR: Traceback (most recent call last):
2014-10-16 15:27:56+0800 [-] ERROR:   File "c:\Python27\lib\runpy.py", line 162, in _run_module_as_main
2014-10-16 15:27:56+0800 [-] ERROR:     "__main__", fname, loader, pkg_name)
2014-10-16 15:27:56+0800 [-] ERROR:   File "c:\Python27\lib\runpy.py", line 72, in _run_code
2014-10-16 15:27:56+0800 [-] ERROR:     exec code in run_globals
2014-10-16 15:27:56+0800 [-] ERROR:   File "C:\Python27\Scripts\scrapy.exe\__main__.py", line 9, in <module>
2014-10-16 15:27:56+0800 [-] ERROR:   File "c:\Python27\lib\site-packages\scrapy\cmdline.py", line 143, in execute
2014-10-16 15:27:56+0800 [-] ERROR:     _run_print_help(parser, _run_command, cmd, args, opts)
2014-10-16 15:27:56+0800 [-] ERROR:   File "c:\Python27\lib\site-packages\scrapy\cmdline.py", line 89, in _run_print_help
2014-10-16 15:27:56+0800 [-] ERROR:     func(*a, **kw)
2014-10-16 15:27:56+0800 [-] ERROR:   File "c:\Python27\lib\site-packages\scrapy\cmdline.py", line 150, in _run_command
2014-10-16 15:27:56+0800 [-] ERROR:     cmd.run(args, opts)
2014-10-16 15:27:56+0800 [-] ERROR:   File "c:\Python27\lib\site-packages\scrapy\commands\crawl.py", line 60, in run
2014-10-16 15:27:56+0800 [-] ERROR:     self.crawler_process.start()
2014-10-16 15:27:56+0800 [-] ERROR:   File "c:\Python27\lib\site-packages\scrapy\crawler.py", line 92, in start
2014-10-16 15:27:56+0800 [-] ERROR:     if self.start_crawling():
2014-10-16 15:27:56+0800 [-] ERROR:   File "c:\Python27\lib\site-packages\scrapy\crawler.py", line 124, in start_crawling
2014-10-16 15:27:56+0800 [-] ERROR:     return self._start_crawler() is not None
2014-10-16 15:27:56+0800 [-] ERROR:   File "c:\Python27\lib\site-packages\scrapy\crawler.py", line 139, in _start_crawler
2014-10-16 15:27:56+0800 [-] ERROR:     crawler.configure()
2014-10-16 15:27:56+0800 [-] ERROR:   File "c:\Python27\lib\site-packages\scrapy\crawler.py", line 47, in configure
2014-10-16 15:27:56+0800 [-] ERROR:     self.engine = ExecutionEngine(self, self._spider_closed)
2014-10-16 15:27:56+0800 [-] ERROR:   File "c:\Python27\lib\site-packages\scrapy\core\engine.py", line 65, in __init__
2014-10-16 15:27:56+0800 [-] ERROR:     self.scraper = Scraper(crawler)
2014-10-16 15:27:56+0800 [-] ERROR:   File "c:\Python27\lib\site-packages\scrapy\core\scraper.py", line 66, in __init__
2014-10-16 15:27:56+0800 [-] ERROR:     self.itemproc = itemproc_cls.from_crawler(crawler)
2014-10-16 15:27:56+0800 [-] ERROR:   File "c:\Python27\lib\site-packages\scrapy\middleware.py", line 50, in from_crawler
2014-10-16 15:27:56+0800 [-] ERROR:     return cls.from_settings(crawler.settings, crawler)
2014-10-16 15:27:56+0800 [-] ERROR:   File "c:\Python27\lib\site-packages\scrapy\middleware.py", line 35, in from_settings
2014-10-16 15:27:56+0800 [-] ERROR:     mw = mwcls()
2014-10-16 15:27:56+0800 [-] ERROR:   File "D:\work\projects\gitprojects\scrapydemo\scrapydemo\pipelines.py", line 102, in __init__
2014-10-16 15:27:56+0800 [-] ERROR:     create_news_table(engine)
2014-10-16 15:27:56+0800 [-] ERROR:   File "D:\work\projects\gitprojects\scrapydemo\scrapydemo\models.py", line 27, in create_news_table
2014-10-16 15:27:56+0800 [-] ERROR:     DeclarativeBase.metadata.create_all(engine)
2014-10-16 15:27:56+0800 [-] ERROR:   File "c:\Python27\lib\site-packages\sqlalchemy\sql\schema.py", line 3352, in create_all
2014-10-16 15:27:56+0800 [-] ERROR:     tables=tables)
2014-10-16 15:27:56+0800 [-] ERROR:   File "c:\Python27\lib\site-packages\sqlalchemy\engine\base.py", line 1616, in _run_visitor
2014-10-16 15:27:56+0800 [-] ERROR:     with self._optional_conn_ctx_manager(connection) as conn:
2014-10-16 15:27:56+0800 [-] ERROR:   File "c:\Python27\lib\contextlib.py", line 17, in __enter__
2014-10-16 15:27:56+0800 [-] ERROR:     return self.gen.next()
2014-10-16 15:27:56+0800 [-] ERROR:   File "c:\Python27\lib\site-packages\sqlalchemy\engine\base.py", line 1609, in _optional_conn_ctx_manager
2014-10-16 15:27:56+0800 [-] ERROR:     with self.contextual_connect() as conn:
2014-10-16 15:27:56+0800 [-] ERROR:   File "c:\Python27\lib\site-packages\sqlalchemy\engine\base.py", line 1799, in contextual_connect
2014-10-16 15:27:56+0800 [-] ERROR:     self.pool.connect(),
2014-10-16 15:27:56+0800 [-] ERROR:   File "c:\Python27\lib\site-packages\sqlalchemy\pool.py", line 338, in connect
2014-10-16 15:27:56+0800 [-] ERROR:     return _ConnectionFairy._checkout(self)
2014-10-16 15:27:56+0800 [-] ERROR:   File "c:\Python27\lib\site-packages\sqlalchemy\pool.py", line 641, in _checkout
2014-10-16 15:27:56+0800 [-] ERROR:     fairy = _ConnectionRecord.checkout(pool)
2014-10-16 15:27:56+0800 [-] ERROR:   File "c:\Python27\lib\site-packages\sqlalchemy\pool.py", line 440, in checkout
2014-10-16 15:27:56+0800 [-] ERROR:     rec = pool._do_get()
2014-10-16 15:27:56+0800 [-] ERROR:   File "c:\Python27\lib\site-packages\sqlalchemy\pool.py", line 961, in _do_get
2014-10-16 15:27:56+0800 [-] ERROR:     return self._create_connection()
2014-10-16 15:27:56+0800 [-] ERROR:   File "c:\Python27\lib\site-packages\sqlalchemy\pool.py", line 285, in _create_connection
2014-10-16 15:27:56+0800 [-] ERROR:     return _ConnectionRecord(self)
2014-10-16 15:27:56+0800 [-] ERROR:   File "c:\Python27\lib\site-packages\sqlalchemy\pool.py", line 411, in __init__
2014-10-16 15:27:56+0800 [-] ERROR:     self.connection = self.__connect()
2014-10-16 15:27:56+0800 [-] ERROR:   File "c:\Python27\lib\site-packages\sqlalchemy\pool.py", line 537, in __connect
2014-10-16 15:27:56+0800 [-] ERROR:     connection = self.__pool._creator()
2014-10-16 15:27:56+0800 [-] ERROR:   File "c:\Python27\lib\site-packages\sqlalchemy\engine\strategies.py", line 96, in connect
2014-10-16 15:27:56+0800 [-] ERROR:     connection_invalidated=invalidated
2014-10-16 15:27:56+0800 [-] ERROR:   File "c:\Python27\lib\site-packages\sqlalchemy\util\compat.py", line 199, in raise_from_cause
2014-10-16 15:27:56+0800 [-] ERROR:     reraise(type(exception), exception, tb=exc_tb)
2014-10-16 15:27:56+0800 [-] ERROR:   File "c:\Python27\lib\site-packages\sqlalchemy\engine\strategies.py", line 90, in connect
2014-10-16 15:27:56+0800 [-] ERROR:     return dialect.connect(*cargs, **cparams)
2014-10-16 15:27:56+0800 [-] ERROR:   File "c:\Python27\lib\site-packages\sqlalchemy\engine\default.py", line 377, in connect
2014-10-16 15:27:56+0800 [-] ERROR:     return self.dbapi.connect(*cargs, **cparams)
2014-10-16 15:27:56+0800 [-] ERROR:   File "c:\Python27\lib\site-packages\psycopg2\__init__.py", line 164, in connect
2014-10-16 15:27:56+0800 [-] ERROR:     conn = _connect(dsn, connection_factory=connection_factory, async=async)
2014-10-16 15:27:56+0800 [-] ERROR: sqlalchemy.exc.OperationalError: (OperationalError) invalid connection option "charset"
2014-10-16 15:27:56+0800 [-] ERROR:  None None
2014-10-16 15:29:35+0800 [scrapy] INFO: Scrapy 0.24.4 started (bot: scrapydemo)
2014-10-16 15:29:35+0800 [scrapy] INFO: Optional features available: ssl, http11
2014-10-16 15:29:35+0800 [scrapy] INFO: Overridden settings: {'NEWSPIDER_MODULE': 'scrapydemo.spiders', 'LOG_LEVEL': 'INFO', 'SPIDER_MODULES': ['scrapydemo.spiders'], 'BOT_NAME': 'scrapydemo', 'DOWNLOAD_TIMEOUT': 20, 'LOG_STDOUT': True, 'COMMANDS_MODULE': 'scrapydemo.commands', 'LOG_FILE': 'log/spider.log', 'DOWNLOAD_DELAY': 5}
2014-10-16 15:29:35+0800 [scrapy] INFO: Enabled extensions: LogStats, TelnetConsole, CloseSpider, WebService, CoreStats, SpiderState
2014-10-16 15:29:36+0800 [scrapy] INFO: Enabled downloader middlewares: HttpAuthMiddleware, DownloadTimeoutMiddleware, RotateUserAgentMiddleware, RetryMiddleware, DefaultHeadersMiddleware, MetaRefreshMiddleware, HttpCompressionMiddleware, RedirectMiddleware, CookiesMiddleware, ChunkedTransferMiddleware, DownloaderStats
2014-10-16 15:29:36+0800 [scrapy] INFO: Enabled spider middlewares: HttpErrorMiddleware, OffsiteMiddleware, RefererMiddleware, UrlLengthMiddleware, DepthMiddleware
2014-10-16 15:29:37+0800 [scrapy] INFO: Enabled item pipelines: MyDatabasePipeline
2014-10-16 15:29:37+0800 [drug39] INFO: Spider opened
2014-10-16 15:29:37+0800 [scrapy] INFO: open_spider[drug39]....
2014-10-16 15:29:37+0800 [drug39] INFO: Crawled 0 pages (at 0 pages/min), scraped 0 items (at 0 items/min)
2014-10-16 15:29:37+0800 [scrapy] NOLEVEL: Current UserAgent: Mozilla/5.0 (Windows NT 6.2; WOW64) AppleWebKit/537.1 (KHTML, like Gecko) Chrome/19.77.34.5 Safari/537.1
2014-10-16 15:29:38+0800 [drug39] INFO: -------------------> link_list url=http://drug.39.net/yjxw/yydt/index.html
2014-10-16 15:29:38+0800 [drug39] INFO: +++++++++++00:14:00
2014-10-16 15:29:38+0800 [drug39] INFO: +++++++++++00:10:00
2014-10-16 15:29:38+0800 [drug39] INFO: +++++++++++16:15:00
2014-10-16 15:29:38+0800 [drug39] INFO: +++++++++++00:35:00
2014-10-16 15:29:38+0800 [drug39] INFO: +++++++++++00:29:00
2014-10-16 15:29:38+0800 [drug39] INFO: +++++++++++00:07:00
2014-10-16 15:29:38+0800 [drug39] INFO: +++++++++++00:30:00
2014-10-16 15:29:38+0800 [drug39] INFO: +++++++++++00:36:00
2014-10-16 15:29:38+0800 [drug39] INFO: +++++++++++00:11:00
2014-10-16 15:29:38+0800 [drug39] INFO: +++++++++++09:21:00
2014-10-16 15:29:38+0800 [scrapy] NOLEVEL: Current UserAgent: Mozilla/5.0 (Windows NT 6.1; WOW64) AppleWebKit/536.3 (KHTML, like Gecko) Chrome/19.0.1061.1 Safari/536.3
2014-10-16 15:29:38+0800 [scrapy] NOLEVEL: Current UserAgent: Mozilla/5.0 (Windows NT 6.1; WOW64) AppleWebKit/536.6 (KHTML, like Gecko) Chrome/20.0.1092.0 Safari/536.6
2014-10-16 15:29:38+0800 [scrapy] NOLEVEL: Current UserAgent: Mozilla/5.0 (Windows NT 6.1) AppleWebKit/536.3 (KHTML, like Gecko) Chrome/19.0.1061.1 Safari/536.3
2014-10-16 15:29:38+0800 [scrapy] NOLEVEL: Current UserAgent: Mozilla/5.0 (Macintosh; Intel Mac OS X 10_8_0) AppleWebKit/536.3 (KHTML, like Gecko) Chrome/19.0.1063.0 Safari/536.3
2014-10-16 15:29:38+0800 [scrapy] NOLEVEL: Current UserAgent: Mozilla/5.0 (Windows NT 6.2) AppleWebKit/536.3 (KHTML, like Gecko) Chrome/19.0.1062.0 Safari/536.3
2014-10-16 15:29:38+0800 [scrapy] NOLEVEL: Current UserAgent: Mozilla/5.0 (Windows NT 6.1; WOW64) AppleWebKit/536.3 (KHTML, like Gecko) Chrome/19.0.1061.1 Safari/536.3
2014-10-16 15:29:38+0800 [scrapy] NOLEVEL: Current UserAgent: Mozilla/5.0 (Windows NT 6.2) AppleWebKit/536.6 (KHTML, like Gecko) Chrome/20.0.1090.0 Safari/536.6
2014-10-16 15:29:38+0800 [scrapy] NOLEVEL: Current UserAgent: Mozilla/5.0 (Windows NT 6.1; WOW64) AppleWebKit/536.3 (KHTML, like Gecko) Chrome/19.0.1062.0 Safari/536.3
2014-10-16 15:29:38+0800 [scrapy] NOLEVEL: Current UserAgent: Mozilla/5.0 (Windows NT 6.2; WOW64) AppleWebKit/535.24 (KHTML, like Gecko) Chrome/19.0.1055.1 Safari/535.24
2014-10-16 15:29:38+0800 [scrapy] NOLEVEL: Current UserAgent: Mozilla/5.0 (X11; Linux x86_64) AppleWebKit/535.24 (KHTML, like Gecko) Chrome/19.0.1055.1 Safari/535.24
2014-10-16 15:29:38+0800 [drug39] INFO: +++++++++++00:56:00
2014-10-16 15:29:38+0800 [drug39] INFO: +++++++++++00:29:00
2014-10-16 15:29:38+0800 [drug39] INFO: +++++++++++14:01:00
2014-10-16 15:29:38+0800 [drug39] INFO: +++++++++++09:33:00
2014-10-16 15:29:38+0800 [drug39] INFO: +++++++++++09:25:00
2014-10-16 15:29:38+0800 [drug39] INFO: +++++++++++03:27:00
2014-10-16 15:29:38+0800 [drug39] INFO: +++++++++++00:26:00
2014-10-16 15:29:38+0800 [drug39] INFO: +++++++++++00:32:00
2014-10-16 15:29:38+0800 [drug39] INFO: +++++++++++00:16:00
2014-10-16 15:29:38+0800 [drug39] INFO: +++++++++++00:12:00
2014-10-16 15:29:38+0800 [drug39] INFO: +++++++++++00:00:00
2014-10-16 15:29:38+0800 [drug39] INFO: +++++++++++16:59:00
2014-10-16 15:29:38+0800 [drug39] INFO: +++++++++++14:57:00
2014-10-16 15:29:38+0800 [drug39] INFO: +++++++++++00:55:00
2014-10-16 15:29:38+0800 [drug39] INFO: +++++++++++00:03:00
2014-10-16 15:29:38+0800 [drug39] INFO: +++++++++++15:58:00
2014-10-16 15:29:38+0800 [drug39] INFO: +++++++++++00:16:00
2014-10-16 15:29:38+0800 [drug39] INFO: +++++++++++09:23:00
2014-10-16 15:29:38+0800 [drug39] INFO: +++++++++++13:39:00
2014-10-16 15:29:38+0800 [drug39] INFO: +++++++++++02:53:00
2014-10-16 15:29:38+0800 [drug39] INFO: +++++++++++00:50:00
2014-10-16 15:29:38+0800 [scrapy] NOLEVEL: Current UserAgent: Mozilla/5.0 (Windows NT 6.2; WOW64) AppleWebKit/537.1 (KHTML, like Gecko) Chrome/19.77.34.5 Safari/537.1
2014-10-16 15:29:38+0800 [scrapy] NOLEVEL: Current UserAgent: Mozilla/5.0 (Windows NT 6.1; WOW64) AppleWebKit/536.3 (KHTML, like Gecko) Chrome/19.0.1061.1 Safari/536.3
2014-10-16 15:29:38+0800 [scrapy] NOLEVEL: Current UserAgent: Mozilla/5.0 (Windows NT 6.1; WOW64) AppleWebKit/536.3 (KHTML, like Gecko) Chrome/19.0.1062.0 Safari/536.3
2014-10-16 15:29:38+0800 [scrapy] NOLEVEL: Current UserAgent: Mozilla/5.0 (Windows NT 6.1; WOW64) AppleWebKit/536.3 (KHTML, like Gecko) Chrome/19.0.1061.1 Safari/536.3
2014-10-16 15:29:38+0800 [scrapy] NOLEVEL: Current UserAgent: Mozilla/5.0 (Windows NT 6.1; WOW64) AppleWebKit/537.1 (KHTML, like Gecko) Chrome/22.0.1207.1 Safari/537.1
2014-10-16 15:29:38+0800 [scrapy] NOLEVEL: Current UserAgent: Mozilla/5.0 (Windows NT 6.2) AppleWebKit/536.3 (KHTML, like Gecko) Chrome/19.0.1062.0 Safari/536.3
2014-10-16 15:29:38+0800 [drug39] INFO: +++++++++++15:56:00
2014-10-16 15:29:38+0800 [drug39] INFO: +++++++++++00:36:00
2014-10-16 15:29:38+0800 [drug39] INFO: +++++++++++00:21:00
2014-10-16 15:29:38+0800 [drug39] INFO: +++++++++++11:19:00
2014-10-16 15:29:38+0800 [drug39] INFO: +++++++++++00:27:00
2014-10-16 15:29:38+0800 [drug39] INFO: +++++++++++00:14:00
2014-10-16 15:29:38+0800 [drug39] INFO: +++++++++++14:47:00
2014-10-16 15:29:38+0800 [drug39] INFO: +++++++++++10:16:00
2014-10-16 15:29:38+0800 [drug39] INFO: +++++++++++01:56:00
2014-10-16 15:29:38+0800 [drug39] INFO: +++++++++++12:02:00
2014-10-16 15:29:38+0800 [drug39] INFO: +++++++++++00:44:00
2014-10-16 15:29:38+0800 [drug39] INFO: +++++++++++00:42:00
2014-10-16 15:29:38+0800 [drug39] INFO: +++++++++++00:41:00
2014-10-16 15:29:38+0800 [drug39] INFO: +++++++++++18:19:00
2014-10-16 15:29:38+0800 [drug39] INFO: +++++++++++14:24:00
2014-10-16 15:29:38+0800 [drug39] INFO: +++++++++++09:11:00
2014-10-16 15:29:38+0800 [drug39] INFO: +++++++++++00:59:00
2014-10-16 15:29:42+0800 [scrapy] NOLEVEL: Current UserAgent: Mozilla/5.0 (Windows NT 5.1) AppleWebKit/536.3 (KHTML, like Gecko) Chrome/19.0.1063.0 Safari/536.3
2014-10-16 15:29:42+0800 [drug39] INFO: -------------------> link_page url=http://drug.39.net/a/141008/4488699.html
2014-10-16 15:29:42+0800 [drug39] INFO: +++++++++title=“伟哥之父”穆拉德：仿制药利用价格优势可造福患者+++++++++
2014-10-16 15:29:42+0800 [scrapy] INFO: mysql->http://drug.39.net/a/141008/4488699.html
2014-10-16 15:29:48+0800 [scrapy] NOLEVEL: Current UserAgent: Mozilla/5.0 (Windows NT 6.1) AppleWebKit/536.3 (KHTML, like Gecko) Chrome/19.0.1061.1 Safari/536.3
2014-10-16 15:29:48+0800 [drug39] INFO: -------------------> link_page url=http://drug.39.net/a/141009/4489605.html
2014-10-16 15:29:48+0800 [drug39] INFO: +++++++++title=637家上市公司三季报预喜 生物医药等行业报喜+++++++++
2014-10-16 15:29:48+0800 [scrapy] INFO: mysql->http://drug.39.net/a/141009/4489605.html
2014-10-16 15:29:53+0800 [scrapy] NOLEVEL: Current UserAgent: Mozilla/5.0 (Windows NT 6.1; WOW64) AppleWebKit/536.3 (KHTML, like Gecko) Chrome/19.0.1063.0 Safari/536.3
2014-10-16 15:29:53+0800 [drug39] INFO: -------------------> link_page url=http://drug.39.net/a/141009/4488729.html
2014-10-16 15:29:53+0800 [drug39] INFO: +++++++++title=GSK提供500万美元进一步开发生物电子学研究+++++++++
2014-10-16 15:29:53+0800 [scrapy] INFO: mysql->http://drug.39.net/a/141009/4488729.html
2014-10-16 15:29:55+0800 [scrapy] INFO: Received SIGINT, shutting down gracefully. Send again to force 
2014-10-16 15:29:55+0800 [drug39] INFO: Closing spider (shutdown)
2014-10-16 15:29:56+0800 [scrapy] INFO: Received SIGINT twice, forcing unclean shutdown
